c:\users\trey\source\repos\qt_cstitch\qt_cstitch\x64\debug\moc\moc_colorchooser.cpp
c:\users\trey\source\repos\qt_cstitch\qt_cstitch\x64\debug\moc\moc_imagezoomwindow.cpp
c:\users\trey\source\repos\qt_cstitch\qt_cstitch\x64\debug\moc\moc_windowmanager.cpp
c:\users\trey\source\repos\qt_cstitch\qt_cstitch\x64\debug\moc\moc_symboldialog.cpp
c:\users\trey\source\repos\qt_cstitch\qt_cstitch\x64\debug\moc\moc_symbolbutton.cpp
c:\users\trey\source\repos\qt_cstitch\qt_cstitch\x64\debug\moc\moc_squarewindow.cpp
c:\users\trey\source\repos\qt_cstitch\qt_cstitch\x64\debug\moc\moc_squaretooldock.cpp
c:\users\trey\source\repos\qt_cstitch\qt_cstitch\x64\debug\moc\moc_squareimagelabel.cpp
c:\users\trey\source\repos\qt_cstitch\qt_cstitch\x64\debug\moc\moc_squaredockwidget.cpp
c:\users\trey\source\repos\qt_cstitch\qt_cstitch\x64\debug\moc\moc_squaredocktools.cpp
c:\users\trey\source\repos\qt_cstitch\qt_cstitch\x64\debug\moc\moc_rarecolorsdialog.cpp
c:\users\trey\source\repos\qt_cstitch\qt_cstitch\x64\debug\moc\moc_quickhelp.cpp
c:\users\trey\source\repos\qt_cstitch\qt_cstitch\x64\debug\moc\moc_patternwindow.cpp
c:\users\trey\source\repos\qt_cstitch\qt_cstitch\x64\debug\moc\moc_patternmetadata.cpp
c:\users\trey\source\repos\qt_cstitch\qt_cstitch\x64\debug\moc\moc_patternimagelabel.cpp
c:\users\trey\source\repos\qt_cstitch\qt_cstitch\x64\debug\moc\moc_patternimagecontainer.cpp
c:\users\trey\source\repos\qt_cstitch\qt_cstitch\x64\debug\moc\moc_patterndockwidget.cpp
c:\users\trey\source\repos\qt_cstitch\qt_cstitch\x64\debug\moc\moc_mousepresslabel.cpp
c:\users\trey\source\repos\qt_cstitch\qt_cstitch\x64\debug\moc\moc_imagesaverwindow.cpp
c:\users\trey\source\repos\qt_cstitch\qt_cstitch\x64\debug\moc\moc_imagecomparebase.cpp
c:\users\trey\source\repos\qt_cstitch\qt_cstitch\x64\debug\moc\moc_helpbrowser.cpp
c:\users\trey\source\repos\qt_cstitch\qt_cstitch\x64\debug\moc\moc_filelistmenu.cpp
c:\users\trey\source\repos\qt_cstitch\qt_cstitch\x64\debug\moc\moc_docklistwidget.cpp
c:\users\trey\source\repos\qt_cstitch\qt_cstitch\x64\debug\moc\moc_dockimage.cpp
c:\users\trey\source\repos\qt_cstitch\qt_cstitch\x64\debug\moc\moc_dimensioncomputer.cpp
c:\users\trey\source\repos\qt_cstitch\qt_cstitch\x64\debug\moc\moc_detailtooldock.cpp
c:\users\trey\source\repos\qt_cstitch\qt_cstitch\x64\debug\moc\moc_colordialog.cpp
c:\users\trey\source\repos\qt_cstitch\qt_cstitch\x64\debug\moc\moc_colorcompare.cpp
c:\users\trey\source\repos\qt_cstitch\qt_cstitch\x64\debug\moc\moc_colorbutton.cpp
c:\users\trey\source\repos\qt_cstitch\qt_cstitch\x64\debug\moc\moc_cancelacceptdialogbase.cpp
c:\users\trey\source\repos\qt_cstitch\qt_cstitch\x64\debug\moc\moc_buttongrid.cpp
c:\users\trey\source\repos\qt_cstitch\qt_cstitch\x64\debug\moc\moc_imagelabel.cpp
c:\users\trey\source\repos\qt_cstitch\qt_cstitch\x64\debug\rcc\qrc_qml.cpp
c:\users\trey\source\repos\qt_cstitch\qt_cstitch\x64\debug\buttongrid.obj
c:\users\trey\source\repos\qt_cstitch\qt_cstitch\x64\debug\cancelacceptdialogbase.obj
c:\users\trey\source\repos\qt_cstitch\qt_cstitch\x64\debug\colorbutton.obj
c:\users\trey\source\repos\qt_cstitch\qt_cstitch\x64\debug\colorchooser.obj
c:\users\trey\source\repos\qt_cstitch\qt_cstitch\x64\debug\colorchooserprocessmodes.obj
c:\users\trey\source\repos\qt_cstitch\qt_cstitch\x64\debug\colorcompare.obj
c:\users\trey\source\repos\qt_cstitch\qt_cstitch\x64\debug\colorlists.obj
c:\users\trey\source\repos\qt_cstitch\qt_cstitch\x64\debug\combobox.obj
c:\users\trey\source\repos\qt_cstitch\qt_cstitch\x64\debug\detailtooldock.obj
c:\users\trey\source\repos\qt_cstitch\qt_cstitch\x64\debug\dimensioncomputer.obj
c:\users\trey\source\repos\qt_cstitch\qt_cstitch\x64\debug\dockimage.obj
c:\users\trey\source\repos\qt_cstitch\qt_cstitch\x64\debug\docklistwidget.obj
c:\users\trey\source\repos\qt_cstitch\qt_cstitch\x64\debug\filelistmenu.obj
c:\users\trey\source\repos\qt_cstitch\qt_cstitch\x64\debug\floss.obj
c:\users\trey\source\repos\qt_cstitch\qt_cstitch\x64\debug\imagecomparebase.obj
c:\users\trey\source\repos\qt_cstitch\qt_cstitch\x64\debug\imagelabel.obj
c:\users\trey\source\repos\qt_cstitch\qt_cstitch\x64\debug\imageutility.obj
c:\users\trey\source\repos\qt_cstitch\qt_cstitch\x64\debug\main.obj
c:\users\trey\source\repos\qt_cstitch\qt_cstitch\x64\debug\patterndockwidget.obj
c:\users\trey\source\repos\qt_cstitch\qt_cstitch\x64\debug\patternimagelabel.obj
c:\users\trey\source\repos\qt_cstitch\qt_cstitch\x64\debug\quickhelp.obj
c:\users\trey\source\repos\qt_cstitch\qt_cstitch\x64\debug\sliderspinboxdialog.obj
c:\users\trey\source\repos\qt_cstitch\qt_cstitch\x64\debug\source.obj
c:\users\trey\source\repos\qt_cstitch\qt_cstitch\x64\debug\squaredocktools.obj
c:\users\trey\source\repos\qt_cstitch\qt_cstitch\x64\debug\squaredockwidget.obj
c:\users\trey\source\repos\qt_cstitch\qt_cstitch\x64\debug\squareimagelabel.obj
c:\users\trey\source\repos\qt_cstitch\qt_cstitch\x64\debug\squaretoolhistories.obj
c:\users\trey\source\repos\qt_cstitch\qt_cstitch\x64\debug\stepindex.obj
c:\users\trey\source\repos\qt_cstitch\qt_cstitch\x64\debug\symbolbutton.obj
c:\users\trey\source\repos\qt_cstitch\qt_cstitch\x64\debug\symboldialog.obj
c:\users\trey\source\repos\qt_cstitch\qt_cstitch\x64\debug\utility.obj
c:\users\trey\source\repos\qt_cstitch\qt_cstitch\x64\debug\versionprocessing.obj
c:\users\trey\source\repos\qt_cstitch\qt_cstitch\x64\debug\windowsavers.obj
c:\users\trey\source\repos\qt_cstitch\qt_cstitch\x64\debug\vc143.pdb
c:\users\trey\source\repos\qt_cstitch\qt_cstitch\x64\debug\qt_cstitch.tlog\cl.command.1.tlog
c:\users\trey\source\repos\qt_cstitch\qt_cstitch\x64\debug\qt_cstitch.tlog\moc.read.1u.tlog
c:\users\trey\source\repos\qt_cstitch\qt_cstitch\x64\debug\qt_cstitch.tlog\moc.write.1u.tlog
c:\users\trey\source\repos\qt_cstitch\qt_cstitch\x64\debug\qt_cstitch.tlog\qt_cstitch.write.1u.tlog
c:\users\trey\source\repos\qt_cstitch\qt_cstitch\x64\debug\qt_cstitch.tlog\rcc.read.1u.tlog
c:\users\trey\source\repos\qt_cstitch\qt_cstitch\x64\debug\qt_cstitch.tlog\rcc.write.1u.tlog
